<?xml version="1.0" encoding="UTF-8"?>
<testsuites>
  <testsuite name="/home/infy/websockets/phpunit.xml" tests="70" assertions="210" errors="0" failures="2" skipped="4" time="0.070334">
    <testsuite name="Unit" tests="26" assertions="61" errors="0" failures="0" skipped="2" time="0.034681">
      <testsuite name="HighPerApp\HighPer\WebSockets\Tests\Unit\WebSocketServerTest" file="/home/infy/websockets/tests/Unit/WebSocketServerTest.php" tests="26" assertions="61" errors="0" failures="0" skipped="2" time="0.034681">
        <testcase name="testWebSocketServerHandlesMiddlewareExceptionsCorrectly" file="/home/infy/websockets/tests/Unit/WebSocketServerTest.php" line="278" class="HighPerApp\HighPer\WebSockets\Tests\Unit\WebSocketServerTest" classname="HighPerApp.HighPer.WebSockets.Tests.Unit.WebSocketServerTest" assertions="2" time="0.004478"/>
        <testcase name="testWebSocketServerCanBeInstantiatedWithValidConfiguration" file="/home/infy/websockets/tests/Unit/WebSocketServerTest.php" line="42" class="HighPerApp\HighPer\WebSockets\Tests\Unit\WebSocketServerTest" classname="HighPerApp.HighPer.WebSockets.Tests.Unit.WebSocketServerTest" assertions="3" time="0.000233"/>
        <testcase name="testWebSocketServerCanRegisterEventHandlers" file="/home/infy/websockets/tests/Unit/WebSocketServerTest.php" line="84" class="HighPerApp\HighPer\WebSockets\Tests\Unit\WebSocketServerTest" classname="HighPerApp.HighPer.WebSockets.Tests.Unit.WebSocketServerTest" assertions="3" time="0.000202"/>
        <testcase name="testWebSocketServerTracksConnectionsCorrectly" file="/home/infy/websockets/tests/Unit/WebSocketServerTest.php" line="118" class="HighPerApp\HighPer\WebSockets\Tests\Unit\WebSocketServerTest" classname="HighPerApp.HighPer.WebSockets.Tests.Unit.WebSocketServerTest" assertions="8" time="0.000320"/>
        <testcase name="testWebSocketServerEnforcesConnectionLimits" file="/home/infy/websockets/tests/Unit/WebSocketServerTest.php" line="141" class="HighPerApp\HighPer\WebSockets\Tests\Unit\WebSocketServerTest" classname="HighPerApp.HighPer.WebSockets.Tests.Unit.WebSocketServerTest" assertions="2" time="0.000237"/>
        <testcase name="testWebSocketServerCanBroadcastMessagesToAllConnections" file="/home/infy/websockets/tests/Unit/WebSocketServerTest.php" line="160" class="HighPerApp\HighPer\WebSockets\Tests\Unit\WebSocketServerTest" classname="HighPerApp.HighPer.WebSockets.Tests.Unit.WebSocketServerTest" assertions="4" time="0.000316"/>
        <testcase name="testWebSocketServerHandlesMessageValidationCorrectly" file="/home/infy/websockets/tests/Unit/WebSocketServerTest.php" line="227" class="HighPerApp\HighPer\WebSockets\Tests\Unit\WebSocketServerTest" classname="HighPerApp.HighPer.WebSockets.Tests.Unit.WebSocketServerTest" assertions="2" time="0.000162"/>
        <testcase name="testWebSocketServerSupportsMiddlewareCorrectly" file="/home/infy/websockets/tests/Unit/WebSocketServerTest.php" line="250" class="HighPerApp\HighPer\WebSockets\Tests\Unit\WebSocketServerTest" classname="HighPerApp.HighPer.WebSockets.Tests.Unit.WebSocketServerTest" assertions="1" time="0.000152"/>
        <testcase name="testWebSocketServerProvidesServerStatistics" file="/home/infy/websockets/tests/Unit/WebSocketServerTest.php" line="299" class="HighPerApp\HighPer\WebSockets\Tests\Unit\WebSocketServerTest" classname="HighPerApp.HighPer.WebSockets.Tests.Unit.WebSocketServerTest" assertions="5" time="0.000371"/>
        <testcase name="testWebSocketServerSupportsFrameCompression" file="/home/infy/websockets/tests/Unit/WebSocketServerTest.php" line="347" class="HighPerApp\HighPer\WebSockets\Tests\Unit\WebSocketServerTest" classname="HighPerApp.HighPer.WebSockets.Tests.Unit.WebSocketServerTest" assertions="2" time="0.000307"/>
        <testcase name="testWebSocketServerHandlesSslConfigurationCorrectly" file="/home/infy/websockets/tests/Unit/WebSocketServerTest.php" line="384" class="HighPerApp\HighPer\WebSockets\Tests\Unit\WebSocketServerTest" classname="HighPerApp.HighPer.WebSockets.Tests.Unit.WebSocketServerTest" assertions="3" time="0.000076"/>
        <testcase name="testWebSocketServerValidatesFrameStructureCorrectly" file="/home/infy/websockets/tests/Unit/WebSocketServerTest.php" line="488" class="HighPerApp\HighPer\WebSockets\Tests\Unit\WebSocketServerTest" classname="HighPerApp.HighPer.WebSockets.Tests.Unit.WebSocketServerTest" assertions="3" time="0.000078"/>
        <testcase name="testWebSocketServerHandlesConcurrentOperationsSafely" file="/home/infy/websockets/tests/Unit/WebSocketServerTest.php" line="455" class="HighPerApp\HighPer\WebSockets\Tests\Unit\WebSocketServerTest" classname="HighPerApp.HighPer.WebSockets.Tests.Unit.WebSocketServerTest" assertions="3" time="0.001930"/>
        <testcase name="testWebSocketServerPerformanceIsAcceptable" file="/home/infy/websockets/tests/Unit/WebSocketServerTest.php" line="405" class="HighPerApp\HighPer\WebSockets\Tests\Unit\WebSocketServerTest" classname="HighPerApp.HighPer.WebSockets.Tests.Unit.WebSocketServerTest" assertions="1" time="0.003530"/>
        <testcase name="testWebSocketServerMemoryUsageStaysReasonable" file="/home/infy/websockets/tests/Unit/WebSocketServerTest.php" line="433" class="HighPerApp\HighPer\WebSockets\Tests\Unit\WebSocketServerTest" classname="HighPerApp.HighPer.WebSockets.Tests.Unit.WebSocketServerTest" assertions="1" time="0.020666"/>
        <testcase name="testWebSocketServerHandlesConnectionTimeoutsCorrectly" file="/home/infy/websockets/tests/Unit/WebSocketServerTest.php" line="322" class="HighPerApp\HighPer\WebSockets\Tests\Unit\WebSocketServerTest" classname="HighPerApp.HighPer.WebSockets.Tests.Unit.WebSocketServerTest" assertions="0" time="0.000594">
          <skipped/>
        </testcase>
        <testcase name="testWebSocketServerCanBroadcastToSpecificConnections" file="/home/infy/websockets/tests/Unit/WebSocketServerTest.php" line="188" class="HighPerApp\HighPer\WebSockets\Tests\Unit\WebSocketServerTest" classname="HighPerApp.HighPer.WebSockets.Tests.Unit.WebSocketServerTest" assertions="0" time="0.000197">
          <skipped/>
        </testcase>
        <testsuite name="HighPerApp\HighPer\WebSockets\Tests\Unit\WebSocketServerTest::testWebSocketServerThrowsExceptionWithInvalidConfiguration" tests="4" assertions="8" errors="0" failures="0" skipped="0" time="0.000465">
          <testcase name="testWebSocketServerThrowsExceptionWithInvalidConfiguration with data set &quot;invalid host&quot;" file="/home/infy/websockets/tests/Unit/WebSocketServerTest.php" line="52" class="HighPerApp\HighPer\WebSockets\Tests\Unit\WebSocketServerTest" classname="HighPerApp.HighPer.WebSockets.Tests.Unit.WebSocketServerTest" assertions="2" time="0.000160"/>
          <testcase name="testWebSocketServerThrowsExceptionWithInvalidConfiguration with data set &quot;invalid port range&quot;" file="/home/infy/websockets/tests/Unit/WebSocketServerTest.php" line="52" class="HighPerApp\HighPer\WebSockets\Tests\Unit\WebSocketServerTest" classname="HighPerApp.HighPer.WebSockets.Tests.Unit.WebSocketServerTest" assertions="2" time="0.000123"/>
          <testcase name="testWebSocketServerThrowsExceptionWithInvalidConfiguration with data set &quot;port too high&quot;" file="/home/infy/websockets/tests/Unit/WebSocketServerTest.php" line="52" class="HighPerApp\HighPer\WebSockets\Tests\Unit\WebSocketServerTest" classname="HighPerApp.HighPer.WebSockets.Tests.Unit.WebSocketServerTest" assertions="2" time="0.000086"/>
          <testcase name="testWebSocketServerThrowsExceptionWithInvalidConfiguration with data set &quot;invalid max connections&quot;" file="/home/infy/websockets/tests/Unit/WebSocketServerTest.php" line="52" class="HighPerApp\HighPer\WebSockets\Tests\Unit\WebSocketServerTest" classname="HighPerApp.HighPer.WebSockets.Tests.Unit.WebSocketServerTest" assertions="2" time="0.000096"/>
        </testsuite>
        <testsuite name="HighPerApp\HighPer\WebSockets\Tests\Unit\WebSocketServerTest::testWebSocketServerHandlesDifferentFrameTypesCorrectly" tests="5" assertions="10" errors="0" failures="0" skipped="0" time="0.000368">
          <testcase name="testWebSocketServerHandlesDifferentFrameTypesCorrectly with data set &quot;text frame&quot;" file="/home/infy/websockets/tests/Unit/WebSocketServerTest.php" line="363" class="HighPerApp\HighPer\WebSockets\Tests\Unit\WebSocketServerTest" classname="HighPerApp.HighPer.WebSockets.Tests.Unit.WebSocketServerTest" assertions="2" time="0.000083"/>
          <testcase name="testWebSocketServerHandlesDifferentFrameTypesCorrectly with data set &quot;binary frame&quot;" file="/home/infy/websockets/tests/Unit/WebSocketServerTest.php" line="363" class="HighPerApp\HighPer\WebSockets\Tests\Unit\WebSocketServerTest" classname="HighPerApp.HighPer.WebSockets.Tests.Unit.WebSocketServerTest" assertions="2" time="0.000075"/>
          <testcase name="testWebSocketServerHandlesDifferentFrameTypesCorrectly with data set &quot;close frame&quot;" file="/home/infy/websockets/tests/Unit/WebSocketServerTest.php" line="363" class="HighPerApp\HighPer\WebSockets\Tests\Unit\WebSocketServerTest" classname="HighPerApp.HighPer.WebSockets.Tests.Unit.WebSocketServerTest" assertions="2" time="0.000063"/>
          <testcase name="testWebSocketServerHandlesDifferentFrameTypesCorrectly with data set &quot;ping frame&quot;" file="/home/infy/websockets/tests/Unit/WebSocketServerTest.php" line="363" class="HighPerApp\HighPer\WebSockets\Tests\Unit\WebSocketServerTest" classname="HighPerApp.HighPer.WebSockets.Tests.Unit.WebSocketServerTest" assertions="2" time="0.000070"/>
          <testcase name="testWebSocketServerHandlesDifferentFrameTypesCorrectly with data set &quot;pong frame&quot;" file="/home/infy/websockets/tests/Unit/WebSocketServerTest.php" line="363" class="HighPerApp\HighPer\WebSockets\Tests\Unit\WebSocketServerTest" classname="HighPerApp.HighPer.WebSockets.Tests.Unit.WebSocketServerTest" assertions="2" time="0.000078"/>
        </testsuite>
      </testsuite>
    </testsuite>
    <testsuite name="Integration" tests="9" assertions="44" errors="0" failures="1" skipped="0" time="0.004616">
      <testsuite name="HighPerApp\HighPer\WebSockets\Tests\Integration\WebSocketIntegrationTest" file="/home/infy/websockets/tests/Integration/WebSocketIntegrationTest.php" tests="9" assertions="44" errors="0" failures="1" skipped="0" time="0.004616">
        <testcase name="testBroadcastingWorksCorrectlyWithMultipleChannels" file="/home/infy/websockets/tests/Integration/WebSocketIntegrationTest.php" line="101" class="HighPerApp\HighPer\WebSockets\Tests\Integration\WebSocketIntegrationTest" classname="HighPerApp.HighPer.WebSockets.Tests.Integration.WebSocketIntegrationTest" assertions="1" time="0.002092">
          <failure type="PHPUnit\Framework\ExpectationFailedException">HighPerApp\HighPer\WebSockets\Tests\Integration\WebSocketIntegrationTest::testBroadcastingWorksCorrectlyWithMultipleChannels
Failed asserting that actual size 1 matches expected size 2.

/home/infy/websockets/tests/Integration/WebSocketIntegrationTest.php:122</failure>
        </testcase>
        <testcase name="testWebSocketServerIntegratesWithIndexedBroadcasterCorrectly" file="/home/infy/websockets/tests/Integration/WebSocketIntegrationTest.php" line="40" class="HighPerApp\HighPer\WebSockets\Tests\Integration\WebSocketIntegrationTest" classname="HighPerApp.HighPer.WebSockets.Tests.Integration.WebSocketIntegrationTest" assertions="4" time="0.000135"/>
        <testcase name="testMultipleConnectionsCanSendAndReceiveMessagesSimultaneously" file="/home/infy/websockets/tests/Integration/WebSocketIntegrationTest.php" line="68" class="HighPerApp\HighPer\WebSockets\Tests\Integration\WebSocketIntegrationTest" classname="HighPerApp.HighPer.WebSockets.Tests.Integration.WebSocketIntegrationTest" assertions="11" time="0.000211"/>
        <testcase name="testWebSocketServerHandlesConnectionLifecycleCorrectly" file="/home/infy/websockets/tests/Integration/WebSocketIntegrationTest.php" line="132" class="HighPerApp\HighPer\WebSockets\Tests\Integration\WebSocketIntegrationTest" classname="HighPerApp.HighPer.WebSockets.Tests.Integration.WebSocketIntegrationTest" assertions="7" time="0.000117"/>
        <testcase name="testMiddlewareChainExecutesInCorrectOrderDuringMessageProcessing" file="/home/infy/websockets/tests/Integration/WebSocketIntegrationTest.php" line="167" class="HighPerApp\HighPer\WebSockets\Tests\Integration\WebSocketIntegrationTest" classname="HighPerApp.HighPer.WebSockets.Tests.Integration.WebSocketIntegrationTest" assertions="1" time="0.000078"/>
        <testcase name="testConnectionAttributesPersistCorrectlyAcrossOperations" file="/home/infy/websockets/tests/Integration/WebSocketIntegrationTest.php" line="231" class="HighPerApp\HighPer\WebSockets\Tests\Integration\WebSocketIntegrationTest" classname="HighPerApp.HighPer.WebSockets.Tests.Integration.WebSocketIntegrationTest" assertions="8" time="0.000437"/>
        <testcase name="testMessageValidationWorksCorrectlyWithCustomValidators" file="/home/infy/websockets/tests/Integration/WebSocketIntegrationTest.php" line="263" class="HighPerApp\HighPer\WebSockets\Tests\Integration\WebSocketIntegrationTest" classname="HighPerApp.HighPer.WebSockets.Tests.Integration.WebSocketIntegrationTest" assertions="4" time="0.000081"/>
        <testcase name="testServerStatisticsAreAccuratelyMaintainedAcrossOperations" file="/home/infy/websockets/tests/Integration/WebSocketIntegrationTest.php" line="298" class="HighPerApp\HighPer\WebSockets\Tests\Integration\WebSocketIntegrationTest" classname="HighPerApp.HighPer.WebSockets.Tests.Integration.WebSocketIntegrationTest" assertions="6" time="0.000143"/>
        <testcase name="testBroadcastingPerformanceIsAcceptableForHighSubscriberCount" file="/home/infy/websockets/tests/Integration/WebSocketIntegrationTest.php" line="206" class="HighPerApp\HighPer\WebSockets\Tests\Integration\WebSocketIntegrationTest" classname="HighPerApp.HighPer.WebSockets.Tests.Integration.WebSocketIntegrationTest" assertions="2" time="0.001321"/>
      </testsuite>
    </testsuite>
    <testsuite name="All" tests="35" assertions="105" errors="0" failures="1" skipped="2" time="0.031037">
      <testsuite name="HighPerApp\HighPer\WebSockets\Tests\Integration\WebSocketIntegrationTest" file="/home/infy/websockets/tests/Integration/WebSocketIntegrationTest.php" tests="9" assertions="44" errors="0" failures="1" skipped="0" time="0.001999">
        <testcase name="testBroadcastingWorksCorrectlyWithMultipleChannels" file="/home/infy/websockets/tests/Integration/WebSocketIntegrationTest.php" line="101" class="HighPerApp\HighPer\WebSockets\Tests\Integration\WebSocketIntegrationTest" classname="HighPerApp.HighPer.WebSockets.Tests.Integration.WebSocketIntegrationTest" assertions="1" time="0.000123">
          <failure type="PHPUnit\Framework\ExpectationFailedException">HighPerApp\HighPer\WebSockets\Tests\Integration\WebSocketIntegrationTest::testBroadcastingWorksCorrectlyWithMultipleChannels
Failed asserting that actual size 1 matches expected size 2.

/home/infy/websockets/tests/Integration/WebSocketIntegrationTest.php:122</failure>
        </testcase>
        <testcase name="testWebSocketServerIntegratesWithIndexedBroadcasterCorrectly" file="/home/infy/websockets/tests/Integration/WebSocketIntegrationTest.php" line="40" class="HighPerApp\HighPer\WebSockets\Tests\Integration\WebSocketIntegrationTest" classname="HighPerApp.HighPer.WebSockets.Tests.Integration.WebSocketIntegrationTest" assertions="4" time="0.000096"/>
        <testcase name="testMultipleConnectionsCanSendAndReceiveMessagesSimultaneously" file="/home/infy/websockets/tests/Integration/WebSocketIntegrationTest.php" line="68" class="HighPerApp\HighPer\WebSockets\Tests\Integration\WebSocketIntegrationTest" classname="HighPerApp.HighPer.WebSockets.Tests.Integration.WebSocketIntegrationTest" assertions="11" time="0.000210"/>
        <testcase name="testWebSocketServerHandlesConnectionLifecycleCorrectly" file="/home/infy/websockets/tests/Integration/WebSocketIntegrationTest.php" line="132" class="HighPerApp\HighPer\WebSockets\Tests\Integration\WebSocketIntegrationTest" classname="HighPerApp.HighPer.WebSockets.Tests.Integration.WebSocketIntegrationTest" assertions="7" time="0.000097"/>
        <testcase name="testMiddlewareChainExecutesInCorrectOrderDuringMessageProcessing" file="/home/infy/websockets/tests/Integration/WebSocketIntegrationTest.php" line="167" class="HighPerApp\HighPer\WebSockets\Tests\Integration\WebSocketIntegrationTest" classname="HighPerApp.HighPer.WebSockets.Tests.Integration.WebSocketIntegrationTest" assertions="1" time="0.000076"/>
        <testcase name="testConnectionAttributesPersistCorrectlyAcrossOperations" file="/home/infy/websockets/tests/Integration/WebSocketIntegrationTest.php" line="231" class="HighPerApp\HighPer\WebSockets\Tests\Integration\WebSocketIntegrationTest" classname="HighPerApp.HighPer.WebSockets.Tests.Integration.WebSocketIntegrationTest" assertions="8" time="0.000101"/>
        <testcase name="testMessageValidationWorksCorrectlyWithCustomValidators" file="/home/infy/websockets/tests/Integration/WebSocketIntegrationTest.php" line="263" class="HighPerApp\HighPer\WebSockets\Tests\Integration\WebSocketIntegrationTest" classname="HighPerApp.HighPer.WebSockets.Tests.Integration.WebSocketIntegrationTest" assertions="4" time="0.000067"/>
        <testcase name="testServerStatisticsAreAccuratelyMaintainedAcrossOperations" file="/home/infy/websockets/tests/Integration/WebSocketIntegrationTest.php" line="298" class="HighPerApp\HighPer\WebSockets\Tests\Integration\WebSocketIntegrationTest" classname="HighPerApp.HighPer.WebSockets.Tests.Integration.WebSocketIntegrationTest" assertions="6" time="0.000077"/>
        <testcase name="testBroadcastingPerformanceIsAcceptableForHighSubscriberCount" file="/home/infy/websockets/tests/Integration/WebSocketIntegrationTest.php" line="206" class="HighPerApp\HighPer\WebSockets\Tests\Integration\WebSocketIntegrationTest" classname="HighPerApp.HighPer.WebSockets.Tests.Integration.WebSocketIntegrationTest" assertions="2" time="0.001152"/>
      </testsuite>
      <testsuite name="HighPerApp\HighPer\WebSockets\Tests\Unit\WebSocketServerTest" file="/home/infy/websockets/tests/Unit/WebSocketServerTest.php" tests="26" assertions="61" errors="0" failures="0" skipped="2" time="0.029038">
        <testcase name="testWebSocketServerHandlesMiddlewareExceptionsCorrectly" file="/home/infy/websockets/tests/Unit/WebSocketServerTest.php" line="278" class="HighPerApp\HighPer\WebSockets\Tests\Unit\WebSocketServerTest" classname="HighPerApp.HighPer.WebSockets.Tests.Unit.WebSocketServerTest" assertions="2" time="0.000188"/>
        <testcase name="testWebSocketServerCanBeInstantiatedWithValidConfiguration" file="/home/infy/websockets/tests/Unit/WebSocketServerTest.php" line="42" class="HighPerApp\HighPer\WebSockets\Tests\Unit\WebSocketServerTest" classname="HighPerApp.HighPer.WebSockets.Tests.Unit.WebSocketServerTest" assertions="3" time="0.000075"/>
        <testcase name="testWebSocketServerCanRegisterEventHandlers" file="/home/infy/websockets/tests/Unit/WebSocketServerTest.php" line="84" class="HighPerApp\HighPer\WebSockets\Tests\Unit\WebSocketServerTest" classname="HighPerApp.HighPer.WebSockets.Tests.Unit.WebSocketServerTest" assertions="3" time="0.000139"/>
        <testcase name="testWebSocketServerTracksConnectionsCorrectly" file="/home/infy/websockets/tests/Unit/WebSocketServerTest.php" line="118" class="HighPerApp\HighPer\WebSockets\Tests\Unit\WebSocketServerTest" classname="HighPerApp.HighPer.WebSockets.Tests.Unit.WebSocketServerTest" assertions="8" time="0.000173"/>
        <testcase name="testWebSocketServerEnforcesConnectionLimits" file="/home/infy/websockets/tests/Unit/WebSocketServerTest.php" line="141" class="HighPerApp\HighPer\WebSockets\Tests\Unit\WebSocketServerTest" classname="HighPerApp.HighPer.WebSockets.Tests.Unit.WebSocketServerTest" assertions="2" time="0.000186"/>
        <testcase name="testWebSocketServerCanBroadcastMessagesToAllConnections" file="/home/infy/websockets/tests/Unit/WebSocketServerTest.php" line="160" class="HighPerApp\HighPer\WebSockets\Tests\Unit\WebSocketServerTest" classname="HighPerApp.HighPer.WebSockets.Tests.Unit.WebSocketServerTest" assertions="4" time="0.000206"/>
        <testcase name="testWebSocketServerHandlesMessageValidationCorrectly" file="/home/infy/websockets/tests/Unit/WebSocketServerTest.php" line="227" class="HighPerApp\HighPer\WebSockets\Tests\Unit\WebSocketServerTest" classname="HighPerApp.HighPer.WebSockets.Tests.Unit.WebSocketServerTest" assertions="2" time="0.000149"/>
        <testcase name="testWebSocketServerSupportsMiddlewareCorrectly" file="/home/infy/websockets/tests/Unit/WebSocketServerTest.php" line="250" class="HighPerApp\HighPer\WebSockets\Tests\Unit\WebSocketServerTest" classname="HighPerApp.HighPer.WebSockets.Tests.Unit.WebSocketServerTest" assertions="1" time="0.000128"/>
        <testcase name="testWebSocketServerProvidesServerStatistics" file="/home/infy/websockets/tests/Unit/WebSocketServerTest.php" line="299" class="HighPerApp\HighPer\WebSockets\Tests\Unit\WebSocketServerTest" classname="HighPerApp.HighPer.WebSockets.Tests.Unit.WebSocketServerTest" assertions="5" time="0.000216"/>
        <testcase name="testWebSocketServerSupportsFrameCompression" file="/home/infy/websockets/tests/Unit/WebSocketServerTest.php" line="347" class="HighPerApp\HighPer\WebSockets\Tests\Unit\WebSocketServerTest" classname="HighPerApp.HighPer.WebSockets.Tests.Unit.WebSocketServerTest" assertions="2" time="0.000204"/>
        <testcase name="testWebSocketServerHandlesSslConfigurationCorrectly" file="/home/infy/websockets/tests/Unit/WebSocketServerTest.php" line="384" class="HighPerApp\HighPer\WebSockets\Tests\Unit\WebSocketServerTest" classname="HighPerApp.HighPer.WebSockets.Tests.Unit.WebSocketServerTest" assertions="3" time="0.000067"/>
        <testcase name="testWebSocketServerValidatesFrameStructureCorrectly" file="/home/infy/websockets/tests/Unit/WebSocketServerTest.php" line="488" class="HighPerApp\HighPer\WebSockets\Tests\Unit\WebSocketServerTest" classname="HighPerApp.HighPer.WebSockets.Tests.Unit.WebSocketServerTest" assertions="3" time="0.000073"/>
        <testcase name="testWebSocketServerHandlesConcurrentOperationsSafely" file="/home/infy/websockets/tests/Unit/WebSocketServerTest.php" line="455" class="HighPerApp\HighPer\WebSockets\Tests\Unit\WebSocketServerTest" classname="HighPerApp.HighPer.WebSockets.Tests.Unit.WebSocketServerTest" assertions="3" time="0.001940"/>
        <testcase name="testWebSocketServerPerformanceIsAcceptable" file="/home/infy/websockets/tests/Unit/WebSocketServerTest.php" line="405" class="HighPerApp\HighPer\WebSockets\Tests\Unit\WebSocketServerTest" classname="HighPerApp.HighPer.WebSockets.Tests.Unit.WebSocketServerTest" assertions="1" time="0.003835"/>
        <testcase name="testWebSocketServerMemoryUsageStaysReasonable" file="/home/infy/websockets/tests/Unit/WebSocketServerTest.php" line="433" class="HighPerApp\HighPer\WebSockets\Tests\Unit\WebSocketServerTest" classname="HighPerApp.HighPer.WebSockets.Tests.Unit.WebSocketServerTest" assertions="1" time="0.020379"/>
        <testcase name="testWebSocketServerHandlesConnectionTimeoutsCorrectly" file="/home/infy/websockets/tests/Unit/WebSocketServerTest.php" line="322" class="HighPerApp\HighPer\WebSockets\Tests\Unit\WebSocketServerTest" classname="HighPerApp.HighPer.WebSockets.Tests.Unit.WebSocketServerTest" assertions="0" time="0.000181">
          <skipped/>
        </testcase>
        <testcase name="testWebSocketServerCanBroadcastToSpecificConnections" file="/home/infy/websockets/tests/Unit/WebSocketServerTest.php" line="188" class="HighPerApp\HighPer\WebSockets\Tests\Unit\WebSocketServerTest" classname="HighPerApp.HighPer.WebSockets.Tests.Unit.WebSocketServerTest" assertions="0" time="0.000168">
          <skipped/>
        </testcase>
        <testsuite name="HighPerApp\HighPer\WebSockets\Tests\Unit\WebSocketServerTest::testWebSocketServerThrowsExceptionWithInvalidConfiguration" tests="4" assertions="8" errors="0" failures="0" skipped="0" time="0.000374">
          <testcase name="testWebSocketServerThrowsExceptionWithInvalidConfiguration with data set &quot;invalid host&quot;" file="/home/infy/websockets/tests/Unit/WebSocketServerTest.php" line="52" class="HighPerApp\HighPer\WebSockets\Tests\Unit\WebSocketServerTest" classname="HighPerApp.HighPer.WebSockets.Tests.Unit.WebSocketServerTest" assertions="2" time="0.000117"/>
          <testcase name="testWebSocketServerThrowsExceptionWithInvalidConfiguration with data set &quot;invalid port range&quot;" file="/home/infy/websockets/tests/Unit/WebSocketServerTest.php" line="52" class="HighPerApp\HighPer\WebSockets\Tests\Unit\WebSocketServerTest" classname="HighPerApp.HighPer.WebSockets.Tests.Unit.WebSocketServerTest" assertions="2" time="0.000093"/>
          <testcase name="testWebSocketServerThrowsExceptionWithInvalidConfiguration with data set &quot;port too high&quot;" file="/home/infy/websockets/tests/Unit/WebSocketServerTest.php" line="52" class="HighPerApp\HighPer\WebSockets\Tests\Unit\WebSocketServerTest" classname="HighPerApp.HighPer.WebSockets.Tests.Unit.WebSocketServerTest" assertions="2" time="0.000082"/>
          <testcase name="testWebSocketServerThrowsExceptionWithInvalidConfiguration with data set &quot;invalid max connections&quot;" file="/home/infy/websockets/tests/Unit/WebSocketServerTest.php" line="52" class="HighPerApp\HighPer\WebSockets\Tests\Unit\WebSocketServerTest" classname="HighPerApp.HighPer.WebSockets.Tests.Unit.WebSocketServerTest" assertions="2" time="0.000082"/>
        </testsuite>
        <testsuite name="HighPerApp\HighPer\WebSockets\Tests\Unit\WebSocketServerTest::testWebSocketServerHandlesDifferentFrameTypesCorrectly" tests="5" assertions="10" errors="0" failures="0" skipped="0" time="0.000358">
          <testcase name="testWebSocketServerHandlesDifferentFrameTypesCorrectly with data set &quot;text frame&quot;" file="/home/infy/websockets/tests/Unit/WebSocketServerTest.php" line="363" class="HighPerApp\HighPer\WebSockets\Tests\Unit\WebSocketServerTest" classname="HighPerApp.HighPer.WebSockets.Tests.Unit.WebSocketServerTest" assertions="2" time="0.000077"/>
          <testcase name="testWebSocketServerHandlesDifferentFrameTypesCorrectly with data set &quot;binary frame&quot;" file="/home/infy/websockets/tests/Unit/WebSocketServerTest.php" line="363" class="HighPerApp\HighPer\WebSockets\Tests\Unit\WebSocketServerTest" classname="HighPerApp.HighPer.WebSockets.Tests.Unit.WebSocketServerTest" assertions="2" time="0.000073"/>
          <testcase name="testWebSocketServerHandlesDifferentFrameTypesCorrectly with data set &quot;close frame&quot;" file="/home/infy/websockets/tests/Unit/WebSocketServerTest.php" line="363" class="HighPerApp\HighPer\WebSockets\Tests\Unit\WebSocketServerTest" classname="HighPerApp.HighPer.WebSockets.Tests.Unit.WebSocketServerTest" assertions="2" time="0.000069"/>
          <testcase name="testWebSocketServerHandlesDifferentFrameTypesCorrectly with data set &quot;ping frame&quot;" file="/home/infy/websockets/tests/Unit/WebSocketServerTest.php" line="363" class="HighPerApp\HighPer\WebSockets\Tests\Unit\WebSocketServerTest" classname="HighPerApp.HighPer.WebSockets.Tests.Unit.WebSocketServerTest" assertions="2" time="0.000070"/>
          <testcase name="testWebSocketServerHandlesDifferentFrameTypesCorrectly with data set &quot;pong frame&quot;" file="/home/infy/websockets/tests/Unit/WebSocketServerTest.php" line="363" class="HighPerApp\HighPer\WebSockets\Tests\Unit\WebSocketServerTest" classname="HighPerApp.HighPer.WebSockets.Tests.Unit.WebSocketServerTest" assertions="2" time="0.000069"/>
        </testsuite>
      </testsuite>
    </testsuite>
  </testsuite>
</testsuites>
